{"C:\\projects\\nodejs\\project\\nodejsStartup\\search.js":{"path":"C:\\projects\\nodejs\\project\\nodejsStartup\\search.js","s":{"1":1,"2":1,"3":0,"4":0,"5":1,"6":1,"7":0,"8":0,"9":0,"10":0,"11":0,"12":0,"13":0,"14":0,"15":0,"16":0,"17":0,"18":0,"19":0},"b":{"1":[0,0]},"f":{"1":0,"2":0,"3":0,"4":0},"fnMap":{"1":{"name":"(anonymous_1)","line":4,"loc":{"start":{"line":4,"column":15},"end":{"line":4,"column":31}}},"2":{"name":"(anonymous_2)","line":13,"loc":{"start":{"line":13,"column":13},"end":{"line":13,"column":46}}},"3":{"name":"(anonymous_3)","line":27,"loc":{"start":{"line":27,"column":35},"end":{"line":27,"column":50}}},"4":{"name":"(anonymous_4)","line":40,"loc":{"start":{"line":40,"column":13},"end":{"line":40,"column":35}}}},"statementMap":{"1":{"start":{"line":1,"column":0},"end":{"line":1,"column":26}},"2":{"start":{"line":2,"column":0},"end":{"line":2,"column":46}},"3":{"start":{"line":5,"column":8},"end":{"line":5,"column":23}},"4":{"start":{"line":6,"column":8},"end":{"line":6,"column":33}},"5":{"start":{"line":10,"column":0},"end":{"line":10,"column":38}},"6":{"start":{"line":11,"column":0},"end":{"line":44,"column":1}},"7":{"start":{"line":15,"column":8},"end":{"line":21,"column":10}},"8":{"start":{"line":22,"column":8},"end":{"line":22,"column":28}},"9":{"start":{"line":23,"column":8},"end":{"line":38,"column":10}},"10":{"start":{"line":24,"column":12},"end":{"line":37,"column":14}},"11":{"start":{"line":25,"column":16},"end":{"line":36,"column":17}},"12":{"start":{"line":26,"column":20},"end":{"line":26,"column":44}},"13":{"start":{"line":27,"column":20},"end":{"line":29,"column":23}},"14":{"start":{"line":28,"column":24},"end":{"line":28,"column":37}},"15":{"start":{"line":30,"column":20},"end":{"line":30,"column":49}},"16":{"start":{"line":32,"column":20},"end":{"line":32,"column":32}},"17":{"start":{"line":33,"column":20},"end":{"line":33,"column":59}},"18":{"start":{"line":34,"column":20},"end":{"line":34,"column":52}},"19":{"start":{"line":35,"column":20},"end":{"line":35,"column":31}}},"branchMap":{"1":{"line":25,"type":"if","locations":[{"start":{"line":25,"column":16},"end":{"line":25,"column":16}},{"start":{"line":25,"column":16},"end":{"line":25,"column":16}}]}}},"C:\\projects\\nodejs\\project\\nodejsStartup\\com\\od\\auth\\basic.js":{"path":"C:\\projects\\nodejs\\project\\nodejsStartup\\com\\od\\auth\\basic.js","s":{"1":0,"2":0,"3":0,"4":0,"5":0,"6":1},"b":{},"f":{"1":0,"2":0},"fnMap":{"1":{"name":"(anonymous_1)","line":3,"loc":{"start":{"line":3,"column":15},"end":{"line":3,"column":42}}},"2":{"name":"(anonymous_2)","line":9,"loc":{"start":{"line":9,"column":15},"end":{"line":9,"column":18}}}},"statementMap":{"1":{"start":{"line":4,"column":8},"end":{"line":4,"column":33}},"2":{"start":{"line":5,"column":8},"end":{"line":5,"column":33}},"3":{"start":{"line":6,"column":8},"end":{"line":6,"column":25}},"4":{"start":{"line":10,"column":8},"end":{"line":10,"column":136}},"5":{"start":{"line":11,"column":8},"end":{"line":11,"column":18}},"6":{"start":{"line":15,"column":0},"end":{"line":15,"column":26}}},"branchMap":{}}}