{"C:\\projects\\nodejs\\project\\nodejsStartup\\testspec\\webpage.spec.js":{"path":"C:\\projects\\nodejs\\project\\nodejsStartup\\testspec\\webpage.spec.js","s":{"1":1,"2":1,"3":1,"4":1,"5":1,"6":1,"7":1,"8":0,"9":0,"10":0,"11":0,"12":0,"13":0,"14":0,"15":0,"16":0,"17":0,"18":0},"b":{},"f":{"1":0,"2":0,"3":0,"4":0},"fnMap":{"1":{"name":"(anonymous_1)","line":9,"loc":{"start":{"line":9,"column":31},"end":{"line":9,"column":42}}},"2":{"name":"(anonymous_2)","line":10,"loc":{"start":{"line":10,"column":23},"end":{"line":10,"column":35}}},"3":{"name":"(anonymous_3)","line":13,"loc":{"start":{"line":13,"column":65},"end":{"line":13,"column":101}}},"4":{"name":"(anonymous_4)","line":17,"loc":{"start":{"line":17,"column":62},"end":{"line":17,"column":80}}}},"statementMap":{"1":{"start":{"line":1,"column":0},"end":{"line":1,"column":24}},"2":{"start":{"line":2,"column":0},"end":{"line":2,"column":34}},"3":{"start":{"line":3,"column":0},"end":{"line":3,"column":37}},"4":{"start":{"line":4,"column":0},"end":{"line":4,"column":30}},"5":{"start":{"line":5,"column":0},"end":{"line":5,"column":37}},"6":{"start":{"line":7,"column":0},"end":{"line":7,"column":37}},"7":{"start":{"line":9,"column":0},"end":{"line":27,"column":2}},"8":{"start":{"line":10,"column":4},"end":{"line":26,"column":6}},"9":{"start":{"line":11,"column":8},"end":{"line":11,"column":31}},"10":{"start":{"line":12,"column":8},"end":{"line":12,"column":40}},"11":{"start":{"line":13,"column":8},"end":{"line":15,"column":10}},"12":{"start":{"line":14,"column":12},"end":{"line":14,"column":20}},"13":{"start":{"line":17,"column":8},"end":{"line":19,"column":10}},"14":{"start":{"line":18,"column":12},"end":{"line":18,"column":35}},"15":{"start":{"line":21,"column":8},"end":{"line":21,"column":53}},"16":{"start":{"line":23,"column":8},"end":{"line":23,"column":48}},"17":{"start":{"line":24,"column":8},"end":{"line":24,"column":49}},"18":{"start":{"line":25,"column":8},"end":{"line":25,"column":37}}},"branchMap":{}},"C:\\projects\\nodejs\\project\\nodejsStartup\\webpage.js":{"path":"C:\\projects\\nodejs\\project\\nodejsStartup\\webpage.js","s":{"1":1,"2":1,"3":1,"4":0,"5":1,"6":0,"7":0,"8":0,"9":0,"10":0,"11":1,"12":0,"13":0,"14":0,"15":0,"16":0,"17":0,"18":1},"b":{"1":[0,0],"2":[0,0]},"f":{"1":0,"2":0,"3":0,"4":0,"5":0,"6":0,"7":0},"fnMap":{"1":{"name":"saveWebpage","line":4,"loc":{"start":{"line":4,"column":0},"end":{"line":4,"column":36}}},"2":{"name":"getWebpage","line":9,"loc":{"start":{"line":9,"column":0},"end":{"line":9,"column":25}}},"3":{"name":"(anonymous_3)","line":10,"loc":{"start":{"line":10,"column":23},"end":{"line":10,"column":49}}},"4":{"name":"(anonymous_4)","line":11,"loc":{"start":{"line":11,"column":25},"end":{"line":11,"column":55}}},"5":{"name":"writeFile","line":21,"loc":{"start":{"line":21,"column":0},"end":{"line":21,"column":32}}},"6":{"name":"(anonymous_6)","line":23,"loc":{"start":{"line":23,"column":23},"end":{"line":23,"column":49}}},"7":{"name":"(anonymous_7)","line":24,"loc":{"start":{"line":24,"column":44},"end":{"line":24,"column":58}}}},"statementMap":{"1":{"start":{"line":1,"column":0},"end":{"line":1,"column":24}},"2":{"start":{"line":2,"column":0},"end":{"line":2,"column":34}},"3":{"start":{"line":4,"column":0},"end":{"line":7,"column":1}},"4":{"start":{"line":5,"column":4},"end":{"line":6,"column":24}},"5":{"start":{"line":9,"column":0},"end":{"line":19,"column":1}},"6":{"start":{"line":10,"column":4},"end":{"line":18,"column":6}},"7":{"start":{"line":11,"column":8},"end":{"line":17,"column":10}},"8":{"start":{"line":12,"column":12},"end":{"line":14,"column":13}},"9":{"start":{"line":13,"column":16},"end":{"line":13,"column":34}},"10":{"start":{"line":16,"column":12},"end":{"line":16,"column":25}},"11":{"start":{"line":21,"column":0},"end":{"line":32,"column":1}},"12":{"start":{"line":22,"column":4},"end":{"line":22,"column":25}},"13":{"start":{"line":23,"column":4},"end":{"line":31,"column":6}},"14":{"start":{"line":24,"column":8},"end":{"line":30,"column":10}},"15":{"start":{"line":25,"column":12},"end":{"line":27,"column":13}},"16":{"start":{"line":26,"column":16},"end":{"line":26,"column":34}},"17":{"start":{"line":29,"column":12},"end":{"line":29,"column":29}},"18":{"start":{"line":34,"column":0},"end":{"line":36,"column":1}}},"branchMap":{"1":{"line":12,"type":"if","locations":[{"start":{"line":12,"column":12},"end":{"line":12,"column":12}},{"start":{"line":12,"column":12},"end":{"line":12,"column":12}}]},"2":{"line":25,"type":"if","locations":[{"start":{"line":25,"column":12},"end":{"line":25,"column":12}},{"start":{"line":25,"column":12},"end":{"line":25,"column":12}}]}}}}