TN:
SF:C:\projects\nodejs\project\nodejsStartup\testspec\webpage.spec.js
FN:9,(anonymous_1)
FN:10,(anonymous_2)
FN:13,(anonymous_3)
FN:17,(anonymous_4)
FNF:4
FNH:0
FNDA:0,(anonymous_1)
FNDA:0,(anonymous_2)
FNDA:0,(anonymous_3)
FNDA:0,(anonymous_4)
DA:1,1
DA:2,1
DA:3,1
DA:4,1
DA:5,1
DA:7,1
DA:9,1
DA:10,0
DA:11,0
DA:12,0
DA:13,0
DA:14,0
DA:17,0
DA:18,0
DA:21,0
DA:23,0
DA:24,0
DA:25,0
LF:18
LH:7
BRF:0
BRH:0
end_of_record
TN:
SF:C:\projects\nodejs\project\nodejsStartup\webpage.js
FN:4,saveWebpage
FN:9,getWebpage
FN:10,(anonymous_3)
FN:11,(anonymous_4)
FN:21,writeFile
FN:23,(anonymous_6)
FN:24,(anonymous_7)
FNF:7
FNH:0
FNDA:0,saveWebpage
FNDA:0,getWebpage
FNDA:0,(anonymous_3)
FNDA:0,(anonymous_4)
FNDA:0,writeFile
FNDA:0,(anonymous_6)
FNDA:0,(anonymous_7)
DA:1,1
DA:2,1
DA:4,1
DA:5,0
DA:9,1
DA:10,0
DA:11,0
DA:12,0
DA:13,0
DA:16,0
DA:21,1
DA:22,0
DA:23,0
DA:24,0
DA:25,0
DA:26,0
DA:29,0
DA:34,1
LF:18
LH:6
BRDA:12,1,0,0
BRDA:12,1,1,0
BRDA:25,2,0,0
BRDA:25,2,1,0
BRF:4
BRH:0
end_of_record
