TN:
SF:C:\projects\nodejs\project\nodejsStartup\search.js
FN:4,(anonymous_1)
FN:13,(anonymous_2)
FN:27,(anonymous_3)
FN:40,(anonymous_4)
FNF:4
FNH:0
FNDA:0,(anonymous_1)
FNDA:0,(anonymous_2)
FNDA:0,(anonymous_3)
FNDA:0,(anonymous_4)
DA:1,1
DA:2,1
DA:5,0
DA:6,0
DA:10,1
DA:11,1
DA:15,0
DA:22,0
DA:23,0
DA:24,0
DA:25,0
DA:26,0
DA:27,0
DA:28,0
DA:30,0
DA:32,0
DA:33,0
DA:34,0
DA:35,0
LF:19
LH:4
BRDA:25,1,0,0
BRDA:25,1,1,0
BRF:2
BRH:0
end_of_record
TN:
SF:C:\projects\nodejs\project\nodejsStartup\com\od\auth\basic.js
FN:3,(anonymous_1)
FN:9,(anonymous_2)
FNF:2
FNH:0
FNDA:0,(anonymous_1)
FNDA:0,(anonymous_2)
DA:4,0
DA:5,0
DA:6,0
DA:10,0
DA:11,0
DA:15,1
LF:6
LH:1
BRF:0
BRH:0
end_of_record
